<?xml version="1.0" encoding="UTF-8"?>
<testng-results ignored="0" total="1" passed="1" failed="0" skipped="0">
  <reporter-output>
  </reporter-output>
  <suite started-at="2024-08-14T09:35:23 IST" name="Suite" finished-at="2024-08-14T09:36:22 IST" duration-ms="58450">
    <groups>
    </groups>
    <test started-at="2024-08-14T09:35:23 IST" name="Test" finished-at="2024-08-14T09:36:22 IST" duration-ms="58450">
      <class name="TestCase.VerifyHomePage">
        <test-method is-config="true" signature="setup()[pri:0, instance:TestCase.VerifyHomePage@16293aa2]" started-at="2024-08-14T09:35:24 IST" name="setup" finished-at="2024-08-14T09:35:49 IST" duration-ms="24827" status="PASS">
          <reporter-output>
          </reporter-output>
        </test-method> <!-- setup -->
        <test-method signature="verifyValidInputs()[pri:1, instance:TestCase.VerifyHomePage@16293aa2]" started-at="2024-08-14T09:35:49 IST" name="verifyValidInputs" finished-at="2024-08-14T09:35:51 IST" duration-ms="1715" status="PASS">
          <reporter-output>
          </reporter-output>
        </test-method> <!-- verifyValidInputs -->
        <test-method is-config="true" signature="captureScreenshotinFailure(org.testng.ITestResult)[pri:0, instance:TestCase.VerifyHomePage@16293aa2]" started-at="2024-08-14T09:35:51 IST" name="captureScreenshotinFailure" finished-at="2024-08-14T09:35:51 IST" duration-ms="5" status="PASS">
          <params>
            <param index="0">
              <value>
                <![CDATA[[TestResult name=verifyValidInputs status=SUCCESS method=VerifyHomePage.verifyValidInputs()[pri:1, instance:TestCase.VerifyHomePage@16293aa2] output={null}]]]>
              </value>
            </param>
          </params>
          <reporter-output>
          </reporter-output>
        </test-method> <!-- captureScreenshotinFailure -->
        <test-method is-config="true" signature="setup()[pri:0, instance:TestCase.VerifyHomePage@16293aa2]" started-at="2024-08-14T09:35:51 IST" name="setup" finished-at="2024-08-14T09:36:00 IST" duration-ms="8592" status="PASS">
          <reporter-output>
          </reporter-output>
        </test-method> <!-- setup -->
        <test-method is-config="true" signature="garbageCollector()[pri:0, instance:TestCase.VerifyHomePage@16293aa2]" started-at="2024-08-14T09:36:22 IST" name="garbageCollector" finished-at="2024-08-14T09:36:22 IST" duration-ms="77" status="PASS">
          <reporter-output>
          </reporter-output>
        </test-method> <!-- garbageCollector -->
      </class> <!-- TestCase.VerifyHomePage -->
    </test> <!-- Test -->
  </suite> <!-- Suite -->
</testng-results>
